<?xml version="1.0" encoding="UTF-8"?>
<robot generator="Robot 7.1.1 (Python 3.10.12 on linux)" generated="2024-11-18T23:28:10.932268" rpa="false" schemaversion="5">
<suite id="s1" name="Tests" source="/home/tomppaa/webcounter/src/tests">
<suite id="s1-s1" name="Increment" source="/home/tomppaa/webcounter/src/tests/increment.robot">
<kw name="Open And Configure Browser" owner="resource" type="SETUP">
<kw name="Set Selenium Speed" owner="SeleniumLibrary">
<arg>${DELAY}</arg>
<doc>Sets the delay that is waited after each Selenium command.</doc>
<status status="PASS" start="2024-11-18T23:28:13.853727" elapsed="0.000415"/>
</kw>
<kw name="Open Browser" owner="SeleniumLibrary">
<msg time="2024-11-18T23:28:13.854653" level="INFO">Opening browser 'chrome' to base url 'None'.</msg>
<msg time="2024-11-18T23:28:33.728201" level="INFO">Cannot capture screenshot because no browser is open.</msg>
<msg time="2024-11-18T23:28:33.728492" level="FAIL">WebDriverException: Message: Service /home/tomppaa/.cache/selenium/chromedriver/linux64/131.0.6778.69/chromedriver unexpectedly exited. Status code was: 127
</msg>
<arg>browser=${BROWSER}</arg>
<doc>Opens a new browser instance to the optional ``url``.</doc>
<status status="FAIL" start="2024-11-18T23:28:13.854381" elapsed="19.877109">WebDriverException: Message: Service /home/tomppaa/.cache/selenium/chromedriver/linux64/131.0.6778.69/chromedriver unexpectedly exited. Status code was: 127
</status>
</kw>
<status status="FAIL" start="2024-11-18T23:28:13.852529" elapsed="19.879201">WebDriverException: Message: Service /home/tomppaa/.cache/selenium/chromedriver/linux64/131.0.6778.69/chromedriver unexpectedly exited. Status code was: 127
</status>
</kw>
<test id="s1-s1-t1" name="At start the counter is zero" line="7">
<status status="FAIL" start="2024-11-18T23:28:33.731870" elapsed="0.000479">Parent suite setup failed:
WebDriverException: Message: Service /home/tomppaa/.cache/selenium/chromedriver/linux64/131.0.6778.69/chromedriver unexpectedly exited. Status code was: 127
</status>
</test>
<test id="s1-s1-t2" name="When button pressed twice the counter is two" line="12">
<status status="FAIL" start="2024-11-18T23:28:33.733080" elapsed="0.000567">Parent suite setup failed:
WebDriverException: Message: Service /home/tomppaa/.cache/selenium/chromedriver/linux64/131.0.6778.69/chromedriver unexpectedly exited. Status code was: 127
</status>
</test>
<kw name="Close Browser" owner="SeleniumLibrary" type="TEARDOWN">
<doc>Closes the current browser.</doc>
<status status="PASS" start="2024-11-18T23:28:33.734731" elapsed="0.000228"/>
</kw>
<status status="FAIL" start="2024-11-18T23:28:11.191039" elapsed="22.543980">Suite setup failed:
WebDriverException: Message: Service /home/tomppaa/.cache/selenium/chromedriver/linux64/131.0.6778.69/chromedriver unexpectedly exited. Status code was: 127
</status>
</suite>
<status status="FAIL" start="2024-11-18T23:28:10.934371" elapsed="22.801757"/>
</suite>
<statistics>
<total>
<stat pass="0" fail="2" skip="0">All Tests</stat>
</total>
<tag>
</tag>
<suite>
<stat pass="0" fail="2" skip="0" id="s1" name="Tests">Tests</stat>
<stat pass="0" fail="2" skip="0" id="s1-s1" name="Increment">Tests.Increment</stat>
</suite>
</statistics>
<errors>
</errors>
</robot>
